1695488454554	geckodriver	INFO	Listening on 127.0.0.1:58649
1695488457633	mozrunner::runner	INFO	Running command: "C:\\Program Files\\Mozilla Firefox\\firefox.exe" "--marionette" "--remote-debugging-port" "58650" "--remote-allow-hosts" "localhost" "-no-remote" "-profile" "C:\\Users\\HP\\AppData\\Local\\Temp\\rust_mozprofileYL7aTp"
console.warn: services.settings: Ignoring preference override of remote settings server
console.warn: services.settings: Allow by setting MOZ_REMOTE_SETTINGS_DEVTOOLS=1 in the environment
1695488457985	Marionette	INFO	Marionette enabled
Dynamically enable window occlusion 0
1695488458053	Marionette	INFO	Listening on port 58657
WebDriver BiDi listening on ws://127.0.0.1:58650
Read port: 58657
1695488458213	RemoteAgent	WARN	TLS certificate errors will be ignored for this session
DevTools listening on ws://127.0.0.1:58650/devtools/browser/0b6d88a3-40af-47ca-9e0a-3ae473a48865
JavaScript warning: https://d1g3myji5lplsh.cloudfront.net/Launch/launch-3111109c87da.min.js, line 9: WEBGL_debug_renderer_info is deprecated in Firefox and will be removed. Please use RENDERER.
1695488467295	Marionette	INFO	Stopped listening on port 58657
JavaScript warning: https://www.audible.in/?ref=Adbl_ip_rdr_from_US&source_code=AUDTM002080318002F&ipRedirectFrom=US&ipRedirectOriginalURL=search%3Fkeywords%3Dbook%26node%3D18573211011, line 141898: Script terminated by timeout at:
z@https://www.audible.in/?ref=Adbl_ip_rdr_from_US&source_code=AUDTM002080318002F&ipRedirectFrom=US&ipRedirectOriginalURL=search%3Fkeywords%3Dbook%26node%3D18573211011:141898:216
r@https://www.audible.in/?ref=Adbl_ip_rdr_from_US&source_code=AUDTM002080318002F&ipRedirectFrom=US&ipRedirectOriginalURL=search%3Fkeywords%3Dbook%26node%3D18573211011:141898:370

Dynamically enable window occlusion 1
1695488490634	geckodriver	INFO	Listening on 127.0.0.1:58731
1695488493710	mozrunner::runner	INFO	Running command: "C:\\Program Files\\Mozilla Firefox\\firefox.exe" "--marionette" "--remote-debugging-port" "58732" "--remote-allow-hosts" "localhost" "-no-remote" "-profile" "C:\\Users\\HP\\AppData\\Local\\Temp\\rust_mozprofileJkEI6I"
console.warn: services.settings: Ignoring preference override of remote settings server
console.warn: services.settings: Allow by setting MOZ_REMOTE_SETTINGS_DEVTOOLS=1 in the environment
1695488494010	Marionette	INFO	Marionette enabled
Dynamically enable window occlusion 0
1695488494077	Marionette	INFO	Listening on port 58739
WebDriver BiDi listening on ws://127.0.0.1:58732
Read port: 58739
1695488494306	RemoteAgent	WARN	TLS certificate errors will be ignored for this session
DevTools listening on ws://127.0.0.1:58732/devtools/browser/ed2649e4-5e69-436a-94b8-972a88d79859
JavaScript warning: https://d1g3myji5lplsh.cloudfront.net/Launch/launch-3111109c87da.min.js, line 9: WEBGL_debug_renderer_info is deprecated in Firefox and will be removed. Please use RENDERER.
JavaScript warning: https://www.audible.in/?ref=Adbl_ip_rdr_from_US&source_code=AUDTM002080318002F&ipRedirectFrom=US&ipRedirectOriginalURL=search%3Fkeywords%3Dbook%26node%3D18573211011, line 410: Script terminated by timeout at:
D/<@https://www.audible.in/?ref=Adbl_ip_rdr_from_US&source_code=AUDTM002080318002F&ipRedirectFrom=US&ipRedirectOriginalURL=search%3Fkeywords%3Dbook%26node%3D18573211011:410:670

JavaScript error: https://www.amazon.in/ap/signin?clientContext=262-8104349-2089422&openid.pape.max_auth_age=900&openid.return_to=https%3A%2F%2Fwww.audible.in%2Fdynamic-offer%3Fref%3Da_hp_c1_member_cta1%26pf_rd_p%3D5cd8ede2-c5ca-4db0-966c-8cdb421149ab%26membershipAsin%3DB07CZ76BGX%26pf_rd_r%3D2AJERARPK50WPRGGF6CP%26pageLoadId%3DK7GEhHxROahg7QU7%26creativeId%3D646290fd-01d8-457a-9130-feeece9f994a%26loginAttempt%3Dtrue&openid.identity=http%3A%2F%2Fspecs.openid.net%2Fauth%2F2.0%2Fidentifier_select&openid.assoc_handle=amzn_audible_in&openid.mode=checkid_setup&siteState=audibleid.userType%3Damzn%2Caudibleid.mode%3Did_res&marketPlaceId=AJO3FBRUE6J4S&openid.claimed_id=http%3A%2F%2Fspecs.openid.net%2Fauth%2F2.0%2Fidentifier_select&pageId=amzn_audible_in&openid.ns=http%3A%2F%2Fspecs.openid.net%2Fauth%2F2.0, line 847: TypeError: a.ue_err is undefined
JavaScript warning: https://d1g3myji5lplsh.cloudfront.net/Launch/launch-3111109c87da.min.js, line 9: WEBGL_debug_renderer_info is deprecated in Firefox and will be removed. Please use RENDERER.
JavaScript warning: https://www.audible.in/?ref=Adbl_ip_rdr_from_US&source_code=AUDTM002080318002F&ipRedirectFrom=US&ipRedirectOriginalURL=search%3Fkeywords%3Dbook%26node%3D18573211011, line 141916: Script terminated by timeout at:
__merge@https://www.audible.in/?ref=Adbl_ip_rdr_from_US&source_code=AUDTM002080318002F&ipRedirectFrom=US&ipRedirectOriginalURL=search%3Fkeywords%3Dbook%26node%3D18573211011:141916:8059
T@https://www.audible.in/?ref=Adbl_ip_rdr_from_US&source_code=AUDTM002080318002F&ipRedirectFrom=US&ipRedirectOriginalURL=search%3Fkeywords%3Dbook%26node%3D18573211011:410:8287
I@https://www.audible.in/?ref=Adbl_ip_rdr_from_US&source_code=AUDTM002080318002F&ipRedirectFrom=US&ipRedirectOriginalURL=search%3Fkeywords%3Dbook%26node%3D18573211011:410:1020
@https://www.audible.in/?ref=Adbl_ip_rdr_from_US&source_code=AUDTM002080318002F&ipRedirectFrom=US&ipRedirectOriginalURL=search%3Fkeywords%3Dbook%26node%3D18573211011:410:1813
i/<@https://www.audible.in/?ref=Adbl_ip_rdr_from_US&source_code=AUDTM002080318002F&ipRedirectFrom=US&ipRedirectOriginalURL=search%3Fkeywords%3Dbook%26node%3D18573211011:391:136
K/this.log@https://www.audible.in/?ref=Adbl_ip_rdr_from_US&source_code=AUDTM002080318002F&ipRedirectFrom=US&ipRedirectOriginalURL=search%3Fkeywords%3Dbook%26node%3D18573211011:410:7383
I@https://www.audible.in/?ref=Adbl_ip_rdr_from_US&source_code=AUDTM002080318002F&ipRedirectFrom=US&ipRedirectOriginalURL=search%3Fkeywords%3Dbook%26node%3D18573211011:410:1020
@https://www.audible.in/?ref=Adbl_ip_rdr_from_US&source_code=AUDTM002080318002F&ipRedirectFrom=US&ipRedirectOriginalURL=search%3Fkeywords%3Dbook%26node%3D18573211011:410:1813
i/<@https://www.audible.in/?ref=Adbl_ip_rdr_from_US&source_code=AUDTM002080318002F&ipRedirectFrom=US&ipRedirectOriginalURL=search%3Fkeywords%3Dbook%26node%3D18573211011:391:136
r/this.recordMetric@https://www.audible.in/?ref=Adbl_ip_rdr_from_US&source_code=AUDTM002080318002F&ipRedirectFrom=US&ipRedirectOriginalURL=search%3Fkeywords%3Dbook%26node%3D18573211011:141916:7943
I@https://www.audible.in/?ref=Adbl_ip_rdr_from_US&source_code=AUDTM002080318002F&ipRedirectFrom=US&ipRedirectOriginalURL=search%3Fkeywords%3Dbook%26node%3D18573211011:410:1020
@https://www.audible.in/?ref=Adbl_ip_rdr_from_US&source_code=AUDTM002080318002F&ipRedirectFrom=US&ipRedirectOriginalURL=search%3Fkeywords%3Dbook%26node%3D18573211011:410:1813
i/<@https://www.audible.in/?ref=Adbl_ip_rdr_from_US&source_code=AUDTM002080318002F&ipRedirectFrom=US&ipRedirectOriginalURL=search%3Fkeywords%3Dbook%26node%3D18573211011:391:136
g@https://www.audible.in/?ref=Adbl_ip_rdr_from_US&source_code=AUDTM002080318002F&ipRedirectFrom=US&ipRedirectOriginalURL=search%3Fkeywords%3Dbook%26node%3D18573211011:141916:10772
D/<@https://www.audible.in/?ref=Adbl_ip_rdr_from_US&source_code=AUDTM002080318002F&ipRedirectFrom=US&ipRedirectOriginalURL=search%3Fkeywords%3Dbook%26node%3D18573211011:410:686
t.emit@https://www.audible.in/?ref=Adbl_ip_rdr_from_US&source_code=AUDTM002080318002F&ipRedirectFrom=US&ipRedirectOriginalURL=search%3Fkeywords%3Dbook%26node%3D18573211011:410:1333
D@https://www.audible.in/?ref=Adbl_ip_rdr_from_US&source_code=AUDTM002080318002F&ipRedirectFrom=US&ipRedirectOriginalURL=search%3Fkeywords%3Dbook%26node%3D18573211011:410:5655
D/<@https://www.audible.in/?ref=Adbl_ip_rdr_from_US&source_code=AUDTM002080318002F&ipRedirectFrom=US&ipRedirectOriginalURL=search%3Fkeywords%3Dbook%26node%3D18573211011:410:686

JavaScript error: https://www.amazon.in/ap/signin?clientContext=262-8104349-2089422&openid.pape.max_auth_age=900&openid.return_to=https%3A%2F%2Fwww.audible.in%2Fdynamic-offer%3Fref%3Da_hp_c1_member_cta1%26pf_rd_p%3D5cd8ede2-c5ca-4db0-966c-8cdb421149ab%26membershipAsin%3DB07CZ76BGX%26pf_rd_r%3D2AJERARPK50WPRGGF6CP%26pageLoadId%3DK7GEhHxROahg7QU7%26creativeId%3D646290fd-01d8-457a-9130-feeece9f994a%26loginAttempt%3Dtrue&openid.identity=http%3A%2F%2Fspecs.openid.net%2Fauth%2F2.0%2Fidentifier_select&openid.assoc_handle=amzn_audible_in&openid.mode=checkid_setup&siteState=audibleid.userType%3Damzn%2Caudibleid.mode%3Did_res&marketPlaceId=AJO3FBRUE6J4S&openid.claimed_id=http%3A%2F%2Fspecs.openid.net%2Fauth%2F2.0%2Fidentifier_select&pageId=amzn_audible_in&openid.ns=http%3A%2F%2Fspecs.openid.net%2Fauth%2F2.0, line 846: TypeError: a.ue_err is undefined
JavaScript warning: https://www.amazon.in/ap/signin?clientContext=262-8104349-2089422&openid.pape.max_auth_age=900&openid.return_to=https%3A%2F%2Fwww.audible.in%2Fdynamic-offer%3Fref%3Da_hp_c1_member_cta1%26pf_rd_p%3D5cd8ede2-c5ca-4db0-966c-8cdb421149ab%26membershipAsin%3DB07CZ76BGX%26pf_rd_r%3D2AJERARPK50WPRGGF6CP%26pageLoadId%3DK7GEhHxROahg7QU7%26creativeId%3D646290fd-01d8-457a-9130-feeece9f994a%26loginAttempt%3Dtrue&openid.identity=http%3A%2F%2Fspecs.openid.net%2Fauth%2F2.0%2Fidentifier_select&openid.assoc_handle=amzn_audible_in&openid.mode=checkid_setup&siteState=audibleid.userType%3Damzn%2Caudibleid.mode%3Did_res&marketPlaceId=AJO3FBRUE6J4S&openid.claimed_id=http%3A%2F%2Fspecs.openid.net%2Fauth%2F2.0%2Fidentifier_select&pageId=amzn_audible_in&openid.ns=http%3A%2F%2Fspecs.openid.net%2Fauth%2F2.0, line 178: Script terminated by timeout at:
D/<@https://www.amazon.in/ap/signin?clientContext=262-8104349-2089422&openid.pape.max_auth_age=900&openid.return_to=https%3A%2F%2Fwww.audible.in%2Fdynamic-offer%3Fref%3Da_hp_c1_member_cta1%26pf_rd_p%3D5cd8ede2-c5ca-4db0-966c-8cdb421149ab%26membershipAsin%3DB07CZ76BGX%26pf_rd_r%3D2AJERARPK50WPRGGF6CP%26pageLoadId%3DK7GEhHxROahg7QU7%26creativeId%3D646290fd-01d8-457a-9130-feeece9f994a%26loginAttempt%3Dtrue&openid.identity=http%3A%2F%2Fspecs.openid.net%2Fauth%2F2.0%2Fidentifier_select&openid.assoc_handle=amzn_audible_in&openid.mode=checkid_setup&siteState=audibleid.userType%3Damzn%2Caudibleid.mode%3Did_res&marketPlaceId=AJO3FBRUE6J4S&openid.claimed_id=http%3A%2F%2Fspecs.openid.net%2Fauth%2F2.0%2Fidentifier_select&pageId=amzn_audible_in&openid.ns=http%3A%2F%2Fspecs.openid.net%2Fauth%2F2.0:178:670

JavaScript warning: https://d1g3myji5lplsh.cloudfront.net/Launch/launch-3111109c87da.min.js, line 9: WEBGL_debug_renderer_info is deprecated in Firefox and will be removed. Please use RENDERER.
1695488528264	Marionette	INFO	Stopped listening on port 58739
JavaScript warning: https://d1g3myji5lplsh.cloudfront.net/Launch/launch-3111109c87da.min.js, line 4: Script terminated by timeout at:
script/e.exports/<@https://d1g3myji5lplsh.cloudfront.net/Launch/launch-3111109c87da.min.js:4:25318

Dynamically enable window occlusion 1
1695488692883	geckodriver	INFO	Listening on 127.0.0.1:58906
1695488695994	mozrunner::runner	INFO	Running command: "C:\\Program Files\\Mozilla Firefox\\firefox.exe" "--marionette" "--remote-debugging-port" "58907" "--remote-allow-hosts" "localhost" "-no-remote" "-profile" "C:\\Users\\HP\\AppData\\Local\\Temp\\rust_mozprofileGp7YDC"
console.warn: services.settings: Ignoring preference override of remote settings server
console.warn: services.settings: Allow by setting MOZ_REMOTE_SETTINGS_DEVTOOLS=1 in the environment
1695488696508	Marionette	INFO	Marionette enabled
Dynamically enable window occlusion 0
1695488696589	Marionette	INFO	Listening on port 58915
WebDriver BiDi listening on ws://127.0.0.1:58907
Read port: 58915
1695488696876	RemoteAgent	WARN	TLS certificate errors will be ignored for this session
DevTools listening on ws://127.0.0.1:58907/devtools/browser/28982473-078a-4bf6-b388-0f5db96b3608
JavaScript warning: https://d1g3myji5lplsh.cloudfront.net/Launch/launch-3111109c87da.min.js, line 9: WEBGL_debug_renderer_info is deprecated in Firefox and will be removed. Please use RENDERER.
JavaScript warning: https://www.audible.in/?ref=Adbl_ip_rdr_from_US&source_code=AUDTM002080318002F&ipRedirectFrom=US&ipRedirectOriginalURL=search%3Fkeywords%3Dbook%26node%3D18573211011, line 414: Script terminated by timeout at:
D/<@https://www.audible.in/?ref=Adbl_ip_rdr_from_US&source_code=AUDTM002080318002F&ipRedirectFrom=US&ipRedirectOriginalURL=search%3Fkeywords%3Dbook%26node%3D18573211011:414:670

JavaScript error: https://www.amazon.in/ap/signin?clientContext=260-3488734-2991434&openid.pape.max_auth_age=900&openid.return_to=https%3A%2F%2Fwww.audible.in%2F%3FloginAttempt%3Dtrue&openid.identity=http%3A%2F%2Fspecs.openid.net%2Fauth%2F2.0%2Fidentifier_select&openid.assoc_handle=amzn_audible_in&openid.mode=checkid_setup&siteState=audibleid.userType%3Damzn%2Caudibleid.mode%3Did_res&marketPlaceId=AJO3FBRUE6J4S&openid.claimed_id=http%3A%2F%2Fspecs.openid.net%2Fauth%2F2.0%2Fidentifier_select&openid.ns=http%3A%2F%2Fspecs.openid.net%2Fauth%2F2.0, line 847: TypeError: a.ue_err is undefined
JavaScript warning: https://images-eu.ssl-images-amazon.com/images/I/81OXnYtbHxL.js?AUIClients/FWCIMAssets, line 298: WEBGL_debug_renderer_info is deprecated in Firefox and will be removed. Please use RENDERER.
console.warn: LoginRecipes: "Falling back to a synchronous message for: https://www.amazon.in."
console.warn: LoginRecipes: "Falling back to a synchronous message for: https://www.amazon.in."
1695488731196	Marionette	INFO	Stopped listening on port 58915
JavaScript warning: https://www.amazon.in/ap/cvf/transactionapproval?arb=2c388fa2-0677-4a0a-ac89-bedaaf859262&openid.assoc_handle=amzn_audible_in&pageId=amzn_audible_in&openid.return_to=https%3A%2F%2Fwww.amazon.in%2Fap%2Fsignin%3Fie%3DUTF8%26clientContext%3D260-3488734-2991434%26openid.pape.max_auth_age%3D900%26use_global_authentication%3Dfalse%26openid.identity%3Dhttp%253A%252F%252Fspecs.openid.net%252Fauth%252F2.0%252Fidentifier_select%26siteState%3Daudibleid.userType%253Damzn%252Caudibleid.mode%253Did_res%26marketPlaceId%3DAJO3FBRUE6J4S%26pageId%3Damzn_audible_in%26arb%3Dc5f047da-1477-41c7-b458-ba39a0e50764%26openid.return_to%3Dhttps%253A%252F%252Fwww.audible.in%252F%253FloginAttempt%253Dtrue%26openid.assoc_handle%3Damzn_audible_in%26openid.mode%3Dcheckid_setup%26openid.claimed_id%3Dhttp%253A%252F%252Fspecs.openid.net%252Fauth%252F2.0%252Fidentifier_select%26openid.ns%3Dhttp%253A%252F%252Fspecs.openid.net%252Fauth%252F2.0, line 463: Script terminated by timeout at:
Timer/interval<@https://www.amazon.in/ap/cvf/transactionapproval?arb=2c388fa2-0677-4a0a-ac89-bedaaf859262&openid.assoc_handle=amzn_audible_in&pageId=amzn_audible_in&openid.return_to=https%3A%2F%2Fwww.amazon.in%2Fap%2Fsignin%3Fie%3DUTF8%26clientContext%3D260-3488734-2991434%26openid.pape.max_auth_age%3D900%26use_global_authentication%3Dfalse%26openid.identity%3Dhttp%253A%252F%252Fspecs.openid.net%252Fauth%252F2.0%252Fidentifier_select%26siteState%3Daudibleid.userType%253Damzn%252Caudibleid.mode%253Did_res%26marketPlaceId%3DAJO3FBRUE6J4S%26pageId%3Damzn_audible_in%26arb%3Dc5f047da-1477-41c7-b458-ba39a0e50764%26openid.return_to%3Dhttps%253A%252F%252Fwww.audible.in%252F%253FloginAttempt%253Dtrue%26openid.assoc_handle%3Damzn_audible_in%26openid.mode%3Dcheckid_setup%26openid.claimed_id%3Dhttp%253A%252F%252Fspecs.openid.net%252Fauth%252F2.0%252Fidentifier_select%26openid.ns%3Dhttp%253A%252F%252Fspecs.openid.net%252Fauth%252F2.0:463:32

Dynamically enable window occlusion 1
1695488759012	geckodriver	INFO	Listening on 127.0.0.1:59005
1695488762067	mozrunner::runner	INFO	Running command: "C:\\Program Files\\Mozilla Firefox\\firefox.exe" "--marionette" "--remote-debugging-port" "59006" "--remote-allow-hosts" "localhost" "-no-remote" "-profile" "C:\\Users\\HP\\AppData\\Local\\Temp\\rust_mozprofileDrf8jC"
console.warn: services.settings: Ignoring preference override of remote settings server
console.warn: services.settings: Allow by setting MOZ_REMOTE_SETTINGS_DEVTOOLS=1 in the environment
1695488762402	Marionette	INFO	Marionette enabled
Dynamically enable window occlusion 0
1695488762469	Marionette	INFO	Listening on port 59013
WebDriver BiDi listening on ws://127.0.0.1:59006
Read port: 59013
1695488762722	RemoteAgent	WARN	TLS certificate errors will be ignored for this session
DevTools listening on ws://127.0.0.1:59006/devtools/browser/c8a17850-e6bd-4446-8606-115b9aabe014
JavaScript warning: https://d1g3myji5lplsh.cloudfront.net/Launch/launch-3111109c87da.min.js, line 9: WEBGL_debug_renderer_info is deprecated in Firefox and will be removed. Please use RENDERER.
JavaScript warning: https://www.audible.in/?ref=Adbl_ip_rdr_from_US&source_code=AUDTM002080318002F&ipRedirectFrom=US&ipRedirectOriginalURL=search%3Fkeywords%3Dbook%26node%3D18573211011, line 410: Script terminated by timeout at:
D/<@https://www.audible.in/?ref=Adbl_ip_rdr_from_US&source_code=AUDTM002080318002F&ipRedirectFrom=US&ipRedirectOriginalURL=search%3Fkeywords%3Dbook%26node%3D18573211011:410:670

JavaScript error: https://www.amazon.in/ap/signin?clientContext=259-5653664-5285905&openid.pape.max_auth_age=900&openid.return_to=https%3A%2F%2Fwww.audible.in%2F%3FloginAttempt%3Dtrue&openid.identity=http%3A%2F%2Fspecs.openid.net%2Fauth%2F2.0%2Fidentifier_select&openid.assoc_handle=amzn_audible_in&openid.mode=checkid_setup&siteState=audibleid.userType%3Damzn%2Caudibleid.mode%3Did_res&marketPlaceId=AJO3FBRUE6J4S&openid.claimed_id=http%3A%2F%2Fspecs.openid.net%2Fauth%2F2.0%2Fidentifier_select&openid.ns=http%3A%2F%2Fspecs.openid.net%2Fauth%2F2.0, line 847: TypeError: a.ue_err is undefined
JavaScript warning: https://images-eu.ssl-images-amazon.com/images/I/81OXnYtbHxL.js?AUIClients/FWCIMAssets, line 298: WEBGL_debug_renderer_info is deprecated in Firefox and will be removed. Please use RENDERER.
console.warn: LoginRecipes: "Falling back to a synchronous message for: https://www.amazon.in."
console.warn: LoginRecipes: "Falling back to a synchronous message for: https://www.amazon.in."
JavaScript error: https://www.amazon.in/ap/signin?clientContext=259-5653664-5285905&openid.pape.max_auth_age=900&openid.return_to=https%3A%2F%2Fwww.audible.in%2F%3FloginAttempt%3Dtrue&openid.identity=http%3A%2F%2Fspecs.openid.net%2Fauth%2F2.0%2Fidentifier_select&openid.assoc_handle=amzn_audible_in&openid.mode=checkid_setup&siteState=audibleid.userType%3Damzn%2Caudibleid.mode%3Did_res&marketPlaceId=AJO3FBRUE6J4S&openid.claimed_id=http%3A%2F%2Fspecs.openid.net%2Fauth%2F2.0%2Fidentifier_select&openid.ns=http%3A%2F%2Fspecs.openid.net%2Fauth%2F2.0, line 846: TypeError: a.ue_err is undefined
JavaScript warning: https://images-eu.ssl-images-amazon.com/images/I/81OXnYtbHxL.js?AUIClients/FWCIMAssets, line 298: WEBGL_debug_renderer_info is deprecated in Firefox and will be removed. Please use RENDERER.
JavaScript warning: https://d1g3myji5lplsh.cloudfront.net/Launch/launch-3111109c87da.min.js, line 9: WEBGL_debug_renderer_info is deprecated in Firefox and will be removed. Please use RENDERER.
[ERROR neqo_http3::connection] [Http3 connection] The new(81920) and the old value(131072) of setting MaxHeaderListSize do not match
JavaScript warning: https://d1g3myji5lplsh.cloudfront.net/Launch/launch-3111109c87da.min.js, line 9: WEBGL_debug_renderer_info is deprecated in Firefox and will be removed. Please use RENDERER.
JavaScript warning: https://d1g3myji5lplsh.cloudfront.net/Launch/launch-3111109c87da.min.js, line 9: WEBGL_debug_renderer_info is deprecated in Firefox and will be removed. Please use RENDERER.
JavaScript warning: https://www.audible.in/?loginAttempt=true, line 414: Script terminated by timeout at:
D/<@https://www.audible.in/?loginAttempt=true:414:670

1695488821253	Marionette	INFO	Stopped listening on port 59013
Dynamically enable window occlusion 1
1695488823690	geckodriver	INFO	Listening on 127.0.0.1:59109
1695488826770	mozrunner::runner	INFO	Running command: "C:\\Program Files\\Mozilla Firefox\\firefox.exe" "--marionette" "--remote-debugging-port" "59110" "--remote-allow-hosts" "localhost" "-no-remote" "-profile" "C:\\Users\\HP\\AppData\\Local\\Temp\\rust_mozprofile3kk68G"
console.warn: services.settings: Ignoring preference override of remote settings server
console.warn: services.settings: Allow by setting MOZ_REMOTE_SETTINGS_DEVTOOLS=1 in the environment
1695488827072	Marionette	INFO	Marionette enabled
Dynamically enable window occlusion 0
1695488827141	Marionette	INFO	Listening on port 59117
WebDriver BiDi listening on ws://127.0.0.1:59110
Read port: 59117
1695488827377	RemoteAgent	WARN	TLS certificate errors will be ignored for this session
DevTools listening on ws://127.0.0.1:59110/devtools/browser/010a186e-f0b8-41ba-bb50-aaf924038c8b
JavaScript warning: https://d1g3myji5lplsh.cloudfront.net/Launch/launch-3111109c87da.min.js, line 9: WEBGL_debug_renderer_info is deprecated in Firefox and will be removed. Please use RENDERER.
JavaScript warning: https://www.audible.in/?ref=Adbl_ip_rdr_from_US&source_code=AUDTM002080318002F&ipRedirectFrom=US&ipRedirectOriginalURL=search%3Fkeywords%3Dbook%26node%3D18573211011, line 141916: Script terminated by timeout at:
n/this.stopAll@https://www.audible.in/?ref=Adbl_ip_rdr_from_US&source_code=AUDTM002080318002F&ipRedirectFrom=US&ipRedirectOriginalURL=search%3Fkeywords%3Dbook%26node%3D18573211011:141916:17085
@https://www.audible.in/?ref=Adbl_ip_rdr_from_US&source_code=AUDTM002080318002F&ipRedirectFrom=US&ipRedirectOriginalURL=search%3Fkeywords%3Dbook%26node%3D18573211011:141916:18500
D/<@https://www.audible.in/?ref=Adbl_ip_rdr_from_US&source_code=AUDTM002080318002F&ipRedirectFrom=US&ipRedirectOriginalURL=search%3Fkeywords%3Dbook%26node%3D18573211011:410:686
t.emit@https://www.audible.in/?ref=Adbl_ip_rdr_from_US&source_code=AUDTM002080318002F&ipRedirectFrom=US&ipRedirectOriginalURL=search%3Fkeywords%3Dbook%26node%3D18573211011:410:1333
D@https://www.audible.in/?ref=Adbl_ip_rdr_from_US&source_code=AUDTM002080318002F&ipRedirectFrom=US&ipRedirectOriginalURL=search%3Fkeywords%3Dbook%26node%3D18573211011:410:5636
D/<@https://www.audible.in/?ref=Adbl_ip_rdr_from_US&source_code=AUDTM002080318002F&ipRedirectFrom=US&ipRedirectOriginalURL=search%3Fkeywords%3Dbook%26node%3D18573211011:410:686

JavaScript error: https://www.amazon.in/ap/signin?clientContext=262-5636203-0988037&openid.pape.max_auth_age=900&openid.return_to=https%3A%2F%2Fwww.audible.in%2F%3FloginAttempt%3Dtrue&openid.identity=http%3A%2F%2Fspecs.openid.net%2Fauth%2F2.0%2Fidentifier_select&openid.assoc_handle=amzn_audible_in&openid.mode=checkid_setup&siteState=audibleid.userType%3Damzn%2Caudibleid.mode%3Did_res&marketPlaceId=AJO3FBRUE6J4S&openid.claimed_id=http%3A%2F%2Fspecs.openid.net%2Fauth%2F2.0%2Fidentifier_select&openid.ns=http%3A%2F%2Fspecs.openid.net%2Fauth%2F2.0, line 847: TypeError: a.ue_err is undefined
JavaScript warning: https://images-eu.ssl-images-amazon.com/images/I/81OXnYtbHxL.js?AUIClients/FWCIMAssets, line 298: WEBGL_debug_renderer_info is deprecated in Firefox and will be removed. Please use RENDERER.
console.warn: LoginRecipes: "Falling back to a synchronous message for: https://www.amazon.in."
console.warn: LoginRecipes: "Falling back to a synchronous message for: https://www.amazon.in."
JavaScript warning: https://images-eu.ssl-images-amazon.com/images/I/81OXnYtbHxL.js?AUIClients/FWCIMAssets, line 298: WEBGL_debug_renderer_info is deprecated in Firefox and will be removed. Please use RENDERER.
JavaScript warning: https://d1g3myji5lplsh.cloudfront.net/Launch/launch-3111109c87da.min.js, line 9: WEBGL_debug_renderer_info is deprecated in Firefox and will be removed. Please use RENDERER.
JavaScript warning: https://d1g3myji5lplsh.cloudfront.net/Launch/launch-3111109c87da.min.js, line 9: WEBGL_debug_renderer_info is deprecated in Firefox and will be removed. Please use RENDERER.
JavaScript warning: https://www.audible.in/dppui/pay-select?c=audible&v=web&collectShippingAddress=true&inAppBrowser=false&membershipOnly=true&preferenceType=Audible&purchaseType=withMbr&asin=B07CZ76BGX&useCash=false&borrowBundleUpsell=false, line 21104: WEBGL_debug_renderer_info is deprecated in Firefox and will be removed. Please use RENDERER.
JavaScript warning: https://d1g3myji5lplsh.cloudfront.net/Launch/launch-3111109c87da.min.js, line 9: WEBGL_debug_renderer_info is deprecated in Firefox and will be removed. Please use RENDERER.
JavaScript warning: https://d1g3myji5lplsh.cloudfront.net/Launch/launch-3111109c87da.min.js, line 9: WEBGL_debug_renderer_info is deprecated in Firefox and will be removed. Please use RENDERER.
JavaScript warning: https://d1g3myji5lplsh.cloudfront.net/Launch/launch-3111109c87da.min.js, line 9: WEBGL_debug_renderer_info is deprecated in Firefox and will be removed. Please use RENDERER.
JavaScript warning: https://d1g3myji5lplsh.cloudfront.net/Launch/launch-3111109c87da.min.js, line 9: WEBGL_debug_renderer_info is deprecated in Firefox and will be removed. Please use RENDERER.
1695488931295	Marionette	INFO	Stopped listening on port 59117
JavaScript warning: https://www.audible.in/ep/sale?pf_rd_p=ffffc6b2-0a64-4cf5-bcea-eb9bd2621f78&pf_rd_r=83NHXDF0943VDKD624A9&pageLoadId=Ytxqf1ivYDDKFEhi&creativeId=2c223c95-7e4b-4994-90b2-e70fa7bfa860, line 163405: Script terminated by timeout at:
z@https://www.audible.in/ep/sale?pf_rd_p=ffffc6b2-0a64-4cf5-bcea-eb9bd2621f78&pf_rd_r=83NHXDF0943VDKD624A9&pageLoadId=Ytxqf1ivYDDKFEhi&creativeId=2c223c95-7e4b-4994-90b2-e70fa7bfa860:163405:216
r@https://www.audible.in/ep/sale?pf_rd_p=ffffc6b2-0a64-4cf5-bcea-eb9bd2621f78&pf_rd_r=83NHXDF0943VDKD624A9&pageLoadId=Ytxqf1ivYDDKFEhi&creativeId=2c223c95-7e4b-4994-90b2-e70fa7bfa860:163405:370

Dynamically enable window occlusion 1
1695488936227	geckodriver	INFO	Listening on 127.0.0.1:59228
1695488939296	mozrunner::runner	INFO	Running command: "C:\\Program Files\\Mozilla Firefox\\firefox.exe" "--marionette" "--remote-debugging-port" "59229" "--remote-allow-hosts" "localhost" "-no-remote" "-profile" "C:\\Users\\HP\\AppData\\Local\\Temp\\rust_mozprofile7KRCw8"
console.warn: services.settings: Ignoring preference override of remote settings server
console.warn: services.settings: Allow by setting MOZ_REMOTE_SETTINGS_DEVTOOLS=1 in the environment
1695488939593	Marionette	INFO	Marionette enabled
Dynamically enable window occlusion 0
1695488939659	Marionette	INFO	Listening on port 59236
WebDriver BiDi listening on ws://127.0.0.1:59229
Read port: 59236
1695488939889	RemoteAgent	WARN	TLS certificate errors will be ignored for this session
DevTools listening on ws://127.0.0.1:59229/devtools/browser/5ddca5bb-729f-45ad-b1cc-d70699036a30
JavaScript warning: https://d1g3myji5lplsh.cloudfront.net/Launch/launch-3111109c87da.min.js, line 9: WEBGL_debug_renderer_info is deprecated in Firefox and will be removed. Please use RENDERER.
JavaScript warning: https://d1g3myji5lplsh.cloudfront.net/Launch/launch-3111109c87da.min.js, line 9: WEBGL_debug_renderer_info is deprecated in Firefox and will be removed. Please use RENDERER.
1695489048512	geckodriver	INFO	Listening on 127.0.0.1:50255
1695489051588	mozrunner::runner	INFO	Running command: "C:\\Program Files\\Mozilla Firefox\\firefox.exe" "--marionette" "--remote-debugging-port" "50256" "--remote-allow-hosts" "localhost" "-no-remote" "-profile" "C:\\Users\\HP\\AppData\\Local\\Temp\\rust_mozprofile4SqvGK"
console.warn: services.settings: Ignoring preference override of remote settings server
console.warn: services.settings: Allow by setting MOZ_REMOTE_SETTINGS_DEVTOOLS=1 in the environment
1695489051906	Marionette	INFO	Marionette enabled
Dynamically enable window occlusion 0
1695489051972	Marionette	INFO	Listening on port 50263
WebDriver BiDi listening on ws://127.0.0.1:50256
Read port: 50263
1695489052193	RemoteAgent	WARN	TLS certificate errors will be ignored for this session
DevTools listening on ws://127.0.0.1:50256/devtools/browser/443521e1-9065-4474-bbde-69d6dfb97b24
JavaScript warning: https://d1g3myji5lplsh.cloudfront.net/Launch/launch-3111109c87da.min.js, line 9: WEBGL_debug_renderer_info is deprecated in Firefox and will be removed. Please use RENDERER.
1695489093889	geckodriver	INFO	Listening on 127.0.0.1:50349
1695489096985	mozrunner::runner	INFO	Running command: "C:\\Program Files\\Mozilla Firefox\\firefox.exe" "--marionette" "--remote-debugging-port" "50350" "--remote-allow-hosts" "localhost" "-no-remote" "-profile" "C:\\Users\\HP\\AppData\\Local\\Temp\\rust_mozprofileysmd7z"
console.warn: services.settings: Ignoring preference override of remote settings server
console.warn: services.settings: Allow by setting MOZ_REMOTE_SETTINGS_DEVTOOLS=1 in the environment
1695489097322	Marionette	INFO	Marionette enabled
Dynamically enable window occlusion 0
1695489097390	Marionette	INFO	Listening on port 50357
WebDriver BiDi listening on ws://127.0.0.1:50350
Read port: 50357
1695489097605	RemoteAgent	WARN	TLS certificate errors will be ignored for this session
DevTools listening on ws://127.0.0.1:50350/devtools/browser/b28e98d1-b196-45f6-b234-0c35a1b92373
JavaScript warning: https://d1g3myji5lplsh.cloudfront.net/Launch/launch-3111109c87da.min.js, line 9: WEBGL_debug_renderer_info is deprecated in Firefox and will be removed. Please use RENDERER.
1695489118326	geckodriver	INFO	Listening on 127.0.0.1:50424
1695489121402	mozrunner::runner	INFO	Running command: "C:\\Program Files\\Mozilla Firefox\\firefox.exe" "--marionette" "--remote-debugging-port" "50425" "--remote-allow-hosts" "localhost" "-no-remote" "-profile" "C:\\Users\\HP\\AppData\\Local\\Temp\\rust_mozprofilewtVNLR"
console.warn: services.settings: Ignoring preference override of remote settings server
console.warn: services.settings: Allow by setting MOZ_REMOTE_SETTINGS_DEVTOOLS=1 in the environment
1695489121693	Marionette	INFO	Marionette enabled
Dynamically enable window occlusion 0
1695489121760	Marionette	INFO	Listening on port 50432
WebDriver BiDi listening on ws://127.0.0.1:50425
Read port: 50432
1695489121990	RemoteAgent	WARN	TLS certificate errors will be ignored for this session
DevTools listening on ws://127.0.0.1:50425/devtools/browser/490ea28d-cf2b-4443-98af-3ba3989dc067
JavaScript warning: https://d1g3myji5lplsh.cloudfront.net/Launch/launch-3111109c87da.min.js, line 9: WEBGL_debug_renderer_info is deprecated in Firefox and will be removed. Please use RENDERER.
1695489161748	geckodriver	INFO	Listening on 127.0.0.1:50497
1695489164830	mozrunner::runner	INFO	Running command: "C:\\Program Files\\Mozilla Firefox\\firefox.exe" "--marionette" "--remote-debugging-port" "50498" "--remote-allow-hosts" "localhost" "-no-remote" "-profile" "C:\\Users\\HP\\AppData\\Local\\Temp\\rust_mozprofileo6n7a5"
console.warn: services.settings: Ignoring preference override of remote settings server
console.warn: services.settings: Allow by setting MOZ_REMOTE_SETTINGS_DEVTOOLS=1 in the environment
1695489165121	Marionette	INFO	Marionette enabled
Dynamically enable window occlusion 0
1695489165191	Marionette	INFO	Listening on port 50506
WebDriver BiDi listening on ws://127.0.0.1:50498
Read port: 50506
1695489165418	RemoteAgent	WARN	TLS certificate errors will be ignored for this session
DevTools listening on ws://127.0.0.1:50498/devtools/browser/4e280fc6-2e48-474c-b21d-42e63a767fff
JavaScript warning: https://d1g3myji5lplsh.cloudfront.net/Launch/launch-3111109c87da.min.js, line 9: WEBGL_debug_renderer_info is deprecated in Firefox and will be removed. Please use RENDERER.
1695489179835	Marionette	INFO	Stopped listening on port 50506
Dynamically enable window occlusion 1
1695489198001	geckodriver	INFO	Listening on 127.0.0.1:50586
1695489201070	mozrunner::runner	INFO	Running command: "C:\\Program Files\\Mozilla Firefox\\firefox.exe" "--marionette" "--remote-debugging-port" "50587" "--remote-allow-hosts" "localhost" "-no-remote" "-profile" "C:\\Users\\HP\\AppData\\Local\\Temp\\rust_mozprofilekEI9tk"
console.warn: services.settings: Ignoring preference override of remote settings server
console.warn: services.settings: Allow by setting MOZ_REMOTE_SETTINGS_DEVTOOLS=1 in the environment
1695489201366	Marionette	INFO	Marionette enabled
Dynamically enable window occlusion 0
1695489201432	Marionette	INFO	Listening on port 50594
WebDriver BiDi listening on ws://127.0.0.1:50587
Read port: 50594
1695489201666	RemoteAgent	WARN	TLS certificate errors will be ignored for this session
DevTools listening on ws://127.0.0.1:50587/devtools/browser/51642730-98a2-4b48-9ef9-12e6da0a595e
JavaScript warning: https://d1g3myji5lplsh.cloudfront.net/Launch/launch-3111109c87da.min.js, line 9: WEBGL_debug_renderer_info is deprecated in Firefox and will be removed. Please use RENDERER.
1695489216688	Marionette	INFO	Stopped listening on port 50594
JavaScript warning: https://www.audible.in/?ref=Adbl_ip_rdr_from_US&source_code=AUDTM002080318002F&ipRedirectFrom=US&ipRedirectOriginalURL=search%3Fkeywords%3Dbook%26node%3D18573211011, line 141904: Script terminated by timeout at:
r@https://www.audible.in/?ref=Adbl_ip_rdr_from_US&source_code=AUDTM002080318002F&ipRedirectFrom=US&ipRedirectOriginalURL=search%3Fkeywords%3Dbook%26node%3D18573211011:141904:295

Dynamically enable window occlusion 1
1695489225560	geckodriver	INFO	Listening on 127.0.0.1:50663
1695489228631	mozrunner::runner	INFO	Running command: "C:\\Program Files\\Mozilla Firefox\\firefox.exe" "--marionette" "--remote-debugging-port" "50664" "--remote-allow-hosts" "localhost" "-no-remote" "-profile" "C:\\Users\\HP\\AppData\\Local\\Temp\\rust_mozprofilehqJ0pc"
console.warn: services.settings: Ignoring preference override of remote settings server
console.warn: services.settings: Allow by setting MOZ_REMOTE_SETTINGS_DEVTOOLS=1 in the environment
1695489229015	Marionette	INFO	Marionette enabled
Dynamically enable window occlusion 0
1695489229081	Marionette	INFO	Listening on port 50671
WebDriver BiDi listening on ws://127.0.0.1:50664
Read port: 50671
1695489229305	RemoteAgent	WARN	TLS certificate errors will be ignored for this session
DevTools listening on ws://127.0.0.1:50664/devtools/browser/c2913aba-740b-435d-8eb6-d676e6d0a960
JavaScript warning: https://d1g3myji5lplsh.cloudfront.net/Launch/launch-3111109c87da.min.js, line 9: WEBGL_debug_renderer_info is deprecated in Firefox and will be removed. Please use RENDERER.
console.error: "Unable to find target with innerWindowId:6442450945"
console.error: "Unable to find target with innerWindowId:6442450945"
JavaScript warning: https://d1g3myji5lplsh.cloudfront.net/Launch/launch-3111109c87da.min.js, line 9: WEBGL_debug_renderer_info is deprecated in Firefox and will be removed. Please use RENDERER.
1695489243559	Marionette	INFO	Stopped listening on port 50671
JavaScript warning: https://images-eu.ssl-images-amazon.com/images/I/31vAAmAhhuL._RC|11hnps6nyeL.js,01r5Eg-lBZL.js,11Rvu9ac0WL.js,512J24ITO1L.js_.js?AUIClients/AudibleBuyBoxAssets, line 28: Script terminated by timeout at:
q/k<@https://images-eu.ssl-images-amazon.com/images/I/31vAAmAhhuL._RC|11hnps6nyeL.js,01r5Eg-lBZL.js,11Rvu9ac0WL.js,512J24ITO1L.js_.js?AUIClients/AudibleBuyBoxAssets:28:391
setInterval handler*q/<@https://images-eu.ssl-images-amazon.com/images/I/31vAAmAhhuL._RC|11hnps6nyeL.js,01r5Eg-lBZL.js,11Rvu9ac0WL.js,512J24ITO1L.js_.js?AUIClients/AudibleBuyBoxAssets:28:379
q@https://images-eu.ssl-images-amazon.com/images/I/31vAAmAhhuL._RC|11hnps6nyeL.js,01r5Eg-lBZL.js,11Rvu9ac0WL.js,512J24ITO1L.js_.js?AUIClients/AudibleBuyBoxAssets:29:92
b.start/<@https://images-eu.ssl-images-amazon.com/images/I/31vAAmAhhuL._RC|11hnps6nyeL.js,01r5Eg-lBZL.js,11Rvu9ac0WL.js,512J24ITO1L.js_.js?AUIClients/AudibleBuyBoxAssets:29:319
each@https://images-eu.ssl-images-amazon.com/images/I/61gcbKtCLjL._RC|21bJlwXRxyL.js_.js?AUIClients/AudibleSearchContentAssets:28:496
each@https://images-eu.ssl-images-amazon.com/images/I/61gcbKtCLjL._RC|21bJlwXRxyL.js_.js?AUIClients/AudibleSearchContentAssets:25:502
b.start@https://images-eu.ssl-images-amazon.com/images/I/31vAAmAhhuL._RC|11hnps6nyeL.js,01r5Eg-lBZL.js,11Rvu9ac0WL.js,512J24ITO1L.js_.js?AUIClients/AudibleBuyBoxAssets:29:177
@https://images-eu.ssl-images-amazon.com/images/I/31vAAmAhhuL._RC|11hnps6nyeL.js,01r5Eg-lBZL.js,11Rvu9ac0WL.js,512J24ITO1L.js_.js?AUIClients/AudibleBuyBoxAssets:70:3
p@https://www.audible.in/ep/sale?pf_rd_p=fb9c962d-72fa-4460-984e-db51fd079abd&pf_rd_r=HMG7RQ61MZY3BRB86K1P&pageLoadId=19nd6vCUV5RSzLSL&creativeId=2c223c95-7e4b-4994-90b2-e70fa7bfa860:151352:157
X/</<@https://www.audible.in/ep/sale?pf_rd_p=fb9c962d-72fa-4460-984e-db51fd079abd&pf_rd_r=HMG7RQ61MZY3BRB86K1P&pageLoadId=19nd6vCUV5RSzLSL&creativeId=2c223c95-7e4b-4994-90b2-e70fa7bfa860:151353:487
da@https://www.audible.in/ep/sale?pf_rd_p=fb9c962d-72fa-4460-984e-db51fd079abd&pf_rd_r=HMG7RQ61MZY3BRB86K1P&pageLoadId=19nd6vCUV5RSzLSL&creativeId=2c223c95-7e4b-4994-90b2-e70fa7bfa860:151356:152

Dynamically enable window occlusion 1
JavaScript error: , line 0: NotFoundError: No such JSWindowActor 'DevToolsFrame'
NetworkHelper.parseSecurityInfo threw an exception: Security state 0 has no known STATE_IS_* flags.
console.error: "Security state 0 has no known STATE_IS_* flags."
1695489246877	geckodriver	INFO	Listening on 127.0.0.1:50749
1695489249941	mozrunner::runner	INFO	Running command: "C:\\Program Files\\Mozilla Firefox\\firefox.exe" "--marionette" "--remote-debugging-port" "50750" "--remote-allow-hosts" "localhost" "-no-remote" "-profile" "C:\\Users\\HP\\AppData\\Local\\Temp\\rust_mozprofileVoWHdU"
console.warn: services.settings: Ignoring preference override of remote settings server
console.warn: services.settings: Allow by setting MOZ_REMOTE_SETTINGS_DEVTOOLS=1 in the environment
1695489250245	Marionette	INFO	Marionette enabled
Dynamically enable window occlusion 0
1695489250311	Marionette	INFO	Listening on port 50757
WebDriver BiDi listening on ws://127.0.0.1:50750
Read port: 50757
1695489250543	RemoteAgent	WARN	TLS certificate errors will be ignored for this session
DevTools listening on ws://127.0.0.1:50750/devtools/browser/0702a141-4550-4a5d-9591-bd85aaba2ba2
JavaScript warning: https://d1g3myji5lplsh.cloudfront.net/Launch/launch-3111109c87da.min.js, line 9: WEBGL_debug_renderer_info is deprecated in Firefox and will be removed. Please use RENDERER.
1695489265608	Marionette	INFO	Stopped listening on port 50757
JavaScript warning: https://www.audible.in/?ref=Adbl_ip_rdr_from_US&source_code=AUDTM002080318002F&ipRedirectFrom=US&ipRedirectOriginalURL=search%3Fkeywords%3Dbook%26node%3D18573211011, line 410: Script terminated by timeout at:
D/<@https://www.audible.in/?ref=Adbl_ip_rdr_from_US&source_code=AUDTM002080318002F&ipRedirectFrom=US&ipRedirectOriginalURL=search%3Fkeywords%3Dbook%26node%3D18573211011:410:670

Dynamically enable window occlusion 1
1695489270968	geckodriver	INFO	Listening on 127.0.0.1:50826
1695489274020	mozrunner::runner	INFO	Running command: "C:\\Program Files\\Mozilla Firefox\\firefox.exe" "--marionette" "--remote-debugging-port" "50827" "--remote-allow-hosts" "localhost" "-no-remote" "-profile" "C:\\Users\\HP\\AppData\\Local\\Temp\\rust_mozprofilevARNZl"
console.warn: services.settings: Ignoring preference override of remote settings server
console.warn: services.settings: Allow by setting MOZ_REMOTE_SETTINGS_DEVTOOLS=1 in the environment
1695489274333	Marionette	INFO	Marionette enabled
Dynamically enable window occlusion 0
1695489274399	Marionette	INFO	Listening on port 50834
WebDriver BiDi listening on ws://127.0.0.1:50827
Read port: 50834
1695489274633	RemoteAgent	WARN	TLS certificate errors will be ignored for this session
DevTools listening on ws://127.0.0.1:50827/devtools/browser/8b935dc3-20b7-4380-935b-cb9863a4e03e
JavaScript warning: https://d1g3myji5lplsh.cloudfront.net/Launch/launch-3111109c87da.min.js, line 9: WEBGL_debug_renderer_info is deprecated in Firefox and will be removed. Please use RENDERER.
1695489378969	Marionette	INFO	Stopped listening on port 50834
Dynamically enable window occlusion 1
JavaScript error: , line 0: NotFoundError: No such JSWindowActor 'DevToolsFrame'
JavaScript error: , line 0: NotFoundError: No such JSWindowActor 'DevToolsFrame'
NetworkHelper.parseSecurityInfo threw an exception: Security state 0 has no known STATE_IS_* flags.
console.error: "Security state 0 has no known STATE_IS_* flags."
1695489411091	geckodriver	INFO	Listening on 127.0.0.1:64255
1695489414151	mozrunner::runner	INFO	Running command: "C:\\Program Files\\Mozilla Firefox\\firefox.exe" "--marionette" "--remote-debugging-port" "64256" "--remote-allow-hosts" "localhost" "-no-remote" "-profile" "C:\\Users\\HP\\AppData\\Local\\Temp\\rust_mozprofile3F5u9S"
console.warn: services.settings: Ignoring preference override of remote settings server
console.warn: services.settings: Allow by setting MOZ_REMOTE_SETTINGS_DEVTOOLS=1 in the environment
1695489414468	Marionette	INFO	Marionette enabled
Dynamically enable window occlusion 0
1695489414544	Marionette	INFO	Listening on port 64263
WebDriver BiDi listening on ws://127.0.0.1:64256
Read port: 64263
1695489414761	RemoteAgent	WARN	TLS certificate errors will be ignored for this session
DevTools listening on ws://127.0.0.1:64256/devtools/browser/c52a8058-f700-4f87-85ed-6e15ec10a047
1695489545283	geckodriver	INFO	Listening on 127.0.0.1:64373
1695489548366	mozrunner::runner	INFO	Running command: "C:\\Program Files\\Mozilla Firefox\\firefox.exe" "--marionette" "--remote-debugging-port" "64374" "--remote-allow-hosts" "localhost" "-no-remote" "-profile" "C:\\Users\\HP\\AppData\\Local\\Temp\\rust_mozprofileVBLKIf"
console.warn: services.settings: Ignoring preference override of remote settings server
console.warn: services.settings: Allow by setting MOZ_REMOTE_SETTINGS_DEVTOOLS=1 in the environment
1695489548667	Marionette	INFO	Marionette enabled
Dynamically enable window occlusion 0
1695489548734	Marionette	INFO	Listening on port 64383
WebDriver BiDi listening on ws://127.0.0.1:64374
Read port: 64383
1695489548965	RemoteAgent	WARN	TLS certificate errors will be ignored for this session
DevTools listening on ws://127.0.0.1:64374/devtools/browser/7575202e-5924-4e85-acf0-0b040fbbcc5b
1695489570576	geckodriver	INFO	Listening on 127.0.0.1:64429
1695489573636	mozrunner::runner	INFO	Running command: "C:\\Program Files\\Mozilla Firefox\\firefox.exe" "--marionette" "--remote-debugging-port" "64430" "--remote-allow-hosts" "localhost" "-no-remote" "-profile" "C:\\Users\\HP\\AppData\\Local\\Temp\\rust_mozprofileH967BR"
console.warn: services.settings: Ignoring preference override of remote settings server
console.warn: services.settings: Allow by setting MOZ_REMOTE_SETTINGS_DEVTOOLS=1 in the environment
1695489573996	Marionette	INFO	Marionette enabled
Dynamically enable window occlusion 0
1695489574063	Marionette	INFO	Listening on port 64439
WebDriver BiDi listening on ws://127.0.0.1:64430
Read port: 64439
1695489574224	RemoteAgent	WARN	TLS certificate errors will be ignored for this session
DevTools listening on ws://127.0.0.1:64430/devtools/browser/4231f1fc-837c-4edc-8571-5eebb00661fe
1695489596902	geckodriver	INFO	Listening on 127.0.0.1:64490
1695489599982	mozrunner::runner	INFO	Running command: "C:\\Program Files\\Mozilla Firefox\\firefox.exe" "--marionette" "--remote-debugging-port" "64491" "--remote-allow-hosts" "localhost" "-no-remote" "-profile" "C:\\Users\\HP\\AppData\\Local\\Temp\\rust_mozprofileltltHV"
console.warn: services.settings: Ignoring preference override of remote settings server
console.warn: services.settings: Allow by setting MOZ_REMOTE_SETTINGS_DEVTOOLS=1 in the environment
1695489600375	Marionette	INFO	Marionette enabled
Dynamically enable window occlusion 0
1695489600442	Marionette	INFO	Listening on port 64501
WebDriver BiDi listening on ws://127.0.0.1:64491
Read port: 64501
1695489600679	RemoteAgent	WARN	TLS certificate errors will be ignored for this session
DevTools listening on ws://127.0.0.1:64491/devtools/browser/62d05614-76fa-4da7-925b-4df29105381c
1695489702769	geckodriver	INFO	Listening on 127.0.0.1:64589
1695489705839	mozrunner::runner	INFO	Running command: "C:\\Program Files\\Mozilla Firefox\\firefox.exe" "--marionette" "--remote-debugging-port" "64590" "--remote-allow-hosts" "localhost" "-no-remote" "-profile" "C:\\Users\\HP\\AppData\\Local\\Temp\\rust_mozprofileQ3nYHe"
console.warn: services.settings: Ignoring preference override of remote settings server
console.warn: services.settings: Allow by setting MOZ_REMOTE_SETTINGS_DEVTOOLS=1 in the environment
1695489706141	Marionette	INFO	Marionette enabled
Dynamically enable window occlusion 0
1695489706208	Marionette	INFO	Listening on port 64600
WebDriver BiDi listening on ws://127.0.0.1:64590
Read port: 64600
1695489706436	RemoteAgent	WARN	TLS certificate errors will be ignored for this session
DevTools listening on ws://127.0.0.1:64590/devtools/browser/1f01900b-a323-4302-b5f9-3b746acda242
1695489809379	Marionette	INFO	Stopped listening on port 64600
Dynamically enable window occlusion 1
JavaScript error: , line 0: NotFoundError: No such JSWindowActor 'DevToolsFrame'
JavaScript error: , line 0: NotFoundError: No such JSWindowActor 'DevToolsFrame'
1695489819263	geckodriver	INFO	Listening on 127.0.0.1:64688
1695489822357	mozrunner::runner	INFO	Running command: "C:\\Program Files\\Mozilla Firefox\\firefox.exe" "--marionette" "--remote-debugging-port" "64689" "--remote-allow-hosts" "localhost" "-no-remote" "-profile" "C:\\Users\\HP\\AppData\\Local\\Temp\\rust_mozprofileiKHCCA"
console.warn: services.settings: Ignoring preference override of remote settings server
console.warn: services.settings: Allow by setting MOZ_REMOTE_SETTINGS_DEVTOOLS=1 in the environment
1695489822673	Marionette	INFO	Marionette enabled
Dynamically enable window occlusion 0
1695489822740	Marionette	INFO	Listening on port 64698
WebDriver BiDi listening on ws://127.0.0.1:64689
Read port: 64698
1695489822967	RemoteAgent	WARN	TLS certificate errors will be ignored for this session
DevTools listening on ws://127.0.0.1:64689/devtools/browser/dbd920fb-47bf-4050-bbb0-110ddcac3d31
1695489888576	geckodriver	INFO	Listening on 127.0.0.1:64765
1695489891635	mozrunner::runner	INFO	Running command: "C:\\Program Files\\Mozilla Firefox\\firefox.exe" "--marionette" "--remote-debugging-port" "64766" "--remote-allow-hosts" "localhost" "-no-remote" "-profile" "C:\\Users\\HP\\AppData\\Local\\Temp\\rust_mozprofileyInDV5"
console.warn: services.settings: Ignoring preference override of remote settings server
console.warn: services.settings: Allow by setting MOZ_REMOTE_SETTINGS_DEVTOOLS=1 in the environment
1695489891938	Marionette	INFO	Marionette enabled
Dynamically enable window occlusion 0
1695489892006	Marionette	INFO	Listening on port 64776
WebDriver BiDi listening on ws://127.0.0.1:64766
Read port: 64776
1695489892241	RemoteAgent	WARN	TLS certificate errors will be ignored for this session
DevTools listening on ws://127.0.0.1:64766/devtools/browser/44c46865-cb6a-4434-bae6-d40e3e84b38a
1695489974486	geckodriver	INFO	Listening on 127.0.0.1:64850
1695489977584	mozrunner::runner	INFO	Running command: "C:\\Program Files\\Mozilla Firefox\\firefox.exe" "--marionette" "--remote-debugging-port" "64851" "--remote-allow-hosts" "localhost" "-no-remote" "-profile" "C:\\Users\\HP\\AppData\\Local\\Temp\\rust_mozprofileEEPyJq"
console.warn: services.settings: Ignoring preference override of remote settings server
console.warn: services.settings: Allow by setting MOZ_REMOTE_SETTINGS_DEVTOOLS=1 in the environment
1695489977902	Marionette	INFO	Marionette enabled
Dynamically enable window occlusion 0
1695489977969	Marionette	INFO	Listening on port 64859
WebDriver BiDi listening on ws://127.0.0.1:64851
Read port: 64859
1695489978199	RemoteAgent	WARN	TLS certificate errors will be ignored for this session
DevTools listening on ws://127.0.0.1:64851/devtools/browser/c33db395-15db-4033-b0b5-0737629b5c0c
1695490036988	geckodriver	INFO	Listening on 127.0.0.1:64920
1695490040053	mozrunner::runner	INFO	Running command: "C:\\Program Files\\Mozilla Firefox\\firefox.exe" "--marionette" "--remote-debugging-port" "64921" "--remote-allow-hosts" "localhost" "-no-remote" "-profile" "C:\\Users\\HP\\AppData\\Local\\Temp\\rust_mozprofileVSbO7m"
console.warn: services.settings: Ignoring preference override of remote settings server
console.warn: services.settings: Allow by setting MOZ_REMOTE_SETTINGS_DEVTOOLS=1 in the environment
1695490040358	Marionette	INFO	Marionette enabled
Dynamically enable window occlusion 0
1695490040425	Marionette	INFO	Listening on port 64929
WebDriver BiDi listening on ws://127.0.0.1:64921
Read port: 64929
1695490040657	RemoteAgent	WARN	TLS certificate errors will be ignored for this session
DevTools listening on ws://127.0.0.1:64921/devtools/browser/2e842cd4-ffa8-4cd9-a15f-30e5f6f0cefe
1695490051631	geckodriver	INFO	Listening on 127.0.0.1:64969
1695490054707	mozrunner::runner	INFO	Running command: "C:\\Program Files\\Mozilla Firefox\\firefox.exe" "--marionette" "--remote-debugging-port" "64970" "--remote-allow-hosts" "localhost" "-no-remote" "-profile" "C:\\Users\\HP\\AppData\\Local\\Temp\\rust_mozprofileiBeid1"
console.warn: services.settings: Ignoring preference override of remote settings server
console.warn: services.settings: Allow by setting MOZ_REMOTE_SETTINGS_DEVTOOLS=1 in the environment
1695490055022	Marionette	INFO	Marionette enabled
Dynamically enable window occlusion 0
1695490055088	Marionette	INFO	Listening on port 64979
WebDriver BiDi listening on ws://127.0.0.1:64970
Read port: 64979
1695490055319	RemoteAgent	WARN	TLS certificate errors will be ignored for this session
DevTools listening on ws://127.0.0.1:64970/devtools/browser/a4751ca0-7c27-4a2f-ba0f-2bb1aea9843d
1695490146882	geckodriver	INFO	Listening on 127.0.0.1:65057
1695490149943	mozrunner::runner	INFO	Running command: "C:\\Program Files\\Mozilla Firefox\\firefox.exe" "--marionette" "--remote-debugging-port" "65058" "--remote-allow-hosts" "localhost" "-no-remote" "-profile" "C:\\Users\\HP\\AppData\\Local\\Temp\\rust_mozprofileNyxyag"
console.warn: services.settings: Ignoring preference override of remote settings server
console.warn: services.settings: Allow by setting MOZ_REMOTE_SETTINGS_DEVTOOLS=1 in the environment
1695490150233	Marionette	INFO	Marionette enabled
Dynamically enable window occlusion 0
1695490150302	Marionette	INFO	Listening on port 65066
WebDriver BiDi listening on ws://127.0.0.1:65058
Read port: 65066
1695490150535	RemoteAgent	WARN	TLS certificate errors will be ignored for this session
DevTools listening on ws://127.0.0.1:65058/devtools/browser/663bff91-c8a2-435d-8d22-3055e698cb16
1695490340025	geckodriver	INFO	Listening on 127.0.0.1:65199
1695490343083	mozrunner::runner	INFO	Running command: "C:\\Program Files\\Mozilla Firefox\\firefox.exe" "--marionette" "--remote-debugging-port" "65200" "--remote-allow-hosts" "localhost" "-no-remote" "-profile" "C:\\Users\\HP\\AppData\\Local\\Temp\\rust_mozprofilehB6Drg"
console.warn: services.settings: Ignoring preference override of remote settings server
console.warn: services.settings: Allow by setting MOZ_REMOTE_SETTINGS_DEVTOOLS=1 in the environment
1695490343421	Marionette	INFO	Marionette enabled
Dynamically enable window occlusion 0
1695490343489	Marionette	INFO	Listening on port 65208
WebDriver BiDi listening on ws://127.0.0.1:65200
Read port: 65208
1695490343716	RemoteAgent	WARN	TLS certificate errors will be ignored for this session
DevTools listening on ws://127.0.0.1:65200/devtools/browser/d67ab24b-cc2a-49e6-b59b-247a7644e1a1
1695490431147	geckodriver	INFO	Listening on 127.0.0.1:65299
1695490434122	mozrunner::runner	INFO	Running command: "C:\\Program Files\\Mozilla Firefox\\firefox.exe" "--marionette" "--remote-debugging-port" "65300" "--remote-allow-hosts" "localhost" "-no-remote" "-profile" "C:\\Users\\HP\\AppData\\Local\\Temp\\rust_mozprofile0h87wy"
console.warn: services.settings: Ignoring preference override of remote settings server
console.warn: services.settings: Allow by setting MOZ_REMOTE_SETTINGS_DEVTOOLS=1 in the environment
1695490434463	Marionette	INFO	Marionette enabled
Dynamically enable window occlusion 0
1695490434532	Marionette	INFO	Listening on port 65313
WebDriver BiDi listening on ws://127.0.0.1:65300
Read port: 65313
1695490434766	RemoteAgent	WARN	TLS certificate errors will be ignored for this session
DevTools listening on ws://127.0.0.1:65300/devtools/browser/7fb23606-95c5-4711-a086-6f75f9eb67a5
1695490471284	geckodriver	INFO	Listening on 127.0.0.1:65387
1695490474349	mozrunner::runner	INFO	Running command: "C:\\Program Files\\Mozilla Firefox\\firefox.exe" "--marionette" "--remote-debugging-port" "65388" "--remote-allow-hosts" "localhost" "-no-remote" "-profile" "C:\\Users\\HP\\AppData\\Local\\Temp\\rust_mozprofileb7xgM3"
console.warn: services.settings: Ignoring preference override of remote settings server
console.warn: services.settings: Allow by setting MOZ_REMOTE_SETTINGS_DEVTOOLS=1 in the environment
1695490474740	Marionette	INFO	Marionette enabled
Dynamically enable window occlusion 0
1695490474811	Marionette	INFO	Listening on port 65397
WebDriver BiDi listening on ws://127.0.0.1:65388
Read port: 65397
1695490475050	RemoteAgent	WARN	TLS certificate errors will be ignored for this session
DevTools listening on ws://127.0.0.1:65388/devtools/browser/07309fba-f9b2-487a-a759-88467254ecc5
1695490533335	geckodriver	INFO	Listening on 127.0.0.1:65496
1695490536400	mozrunner::runner	INFO	Running command: "C:\\Program Files\\Mozilla Firefox\\firefox.exe" "--marionette" "--remote-debugging-port" "65497" "--remote-allow-hosts" "localhost" "-no-remote" "-profile" "C:\\Users\\HP\\AppData\\Local\\Temp\\rust_mozprofileUQVuxH"
console.warn: services.settings: Ignoring preference override of remote settings server
console.warn: services.settings: Allow by setting MOZ_REMOTE_SETTINGS_DEVTOOLS=1 in the environment
1695490536808	Marionette	INFO	Marionette enabled
Dynamically enable window occlusion 0
1695490536878	Marionette	INFO	Listening on port 65509
WebDriver BiDi listening on ws://127.0.0.1:65497
Read port: 65509
1695490537118	RemoteAgent	WARN	TLS certificate errors will be ignored for this session
DevTools listening on ws://127.0.0.1:65497/devtools/browser/c3e40dd9-b8fa-41bb-a358-7929a1afaf63
JavaScript warning: https://challenges.cloudflare.com/cdn-cgi/challenge-platform/h/g/orchestrate/chl_api/v1?ray=80b48b99ddb54732, line 1: WEBGL_debug_renderer_info is deprecated in Firefox and will be removed. Please use RENDERER.
console.warn: services.settings: Ignoring preference override of remote settings server
console.warn: services.settings: Allow by setting MOZ_REMOTE_SETTINGS_DEVTOOLS=1 in the environment
console.error: (new TypeError("lazy.AsyncShutdown.profileBeforeChange is undefined", "resource://services-settings/Database.sys.mjs", 593))
JavaScript warning: https://static.cloudflareinsights.com/beacon.min.js/v8b253dfea2ab4077af8c6f58422dfbfd1689876627854, line 1: Script terminated by timeout at:
f@https://static.cloudflareinsights.com/beacon.min.js/v8b253dfea2ab4077af8c6f58422dfbfd1689876627854:1:13980
104/M/</<@https://static.cloudflareinsights.com/beacon.min.js/v8b253dfea2ab4077af8c6f58422dfbfd1689876627854:1:14063
104/T/<@https://static.cloudflareinsights.com/beacon.min.js/v8b253dfea2ab4077af8c6f58422dfbfd1689876627854:1:11926
t@https://static.cloudflareinsights.com/beacon.min.js/v8b253dfea2ab4077af8c6f58422dfbfd1689876627854:1:11797

1695490602744	geckodriver	INFO	Listening on 127.0.0.1:49218
1695490605801	mozrunner::runner	INFO	Running command: "C:\\Program Files\\Mozilla Firefox\\firefox.exe" "--marionette" "--remote-debugging-port" "49219" "--remote-allow-hosts" "localhost" "-no-remote" "-profile" "C:\\Users\\HP\\AppData\\Local\\Temp\\rust_mozprofilexMC1IE"
console.warn: services.settings: Ignoring preference override of remote settings server
console.warn: services.settings: Allow by setting MOZ_REMOTE_SETTINGS_DEVTOOLS=1 in the environment
1695490606181	Marionette	INFO	Marionette enabled
Dynamically enable window occlusion 0
1695490606249	Marionette	INFO	Listening on port 49228
Read port: 49228
WebDriver BiDi listening on ws://127.0.0.1:49219
1695490606314	RemoteAgent	WARN	TLS certificate errors will be ignored for this session
DevTools listening on ws://127.0.0.1:49219/devtools/browser/39366fdd-8790-4def-80b9-6d311ab64ace
